LAB6/OpenCV_shadowdetection/openCV/build/outputs/logs/manifest-merger-debug-report.txt
-- Merging decision tree log ---
manifest
ADDED from openCV\java\AndroidManifest.xml:2:1-4:12
INJECTED from openCV\java\AndroidManifest.xml:2:1-4:12
INJECTED from openCV\java\AndroidManifest.xml:2:1-4:12
	package
		ADDED from openCV\java\AndroidManifest.xml:3:7-27
		INJECTED from openCV\java\AndroidManifest.xml
		INJECTED from openCV\java\AndroidManifest.xml
	xmlns:android
		ADDED from openCV\java\AndroidManifest.xml:2:11-69
uses-sdk
INJECTED from openCV\java\AndroidManifest.xml reason: use-sdk injection requested
INJECTED from openCV\java\AndroidManifest.xml
INJECTED from openCV\java\AndroidManifest.xml
INJECTED from openCV\java\AndroidManifest.xml
INJECTED from openCV\java\AndroidManifest.xml
	android:targetSdkVersion
		INJECTED from openCV\java\AndroidManifest.xml
		ADDED from openCV\java\AndroidManifest.xml
		INJECTED from openCV\java\AndroidManifest.xml
	android:minSdkVersion
		INJECTED from openCV\java\AndroidManifest.xml
		ADDED from openCV\java\AndroidManifest.xml
		INJECTED from openCV\java\AndroidManifest.xml